{"/Users/ozimos/Documents/projects/Sites/market/resources/js/components/Main.jsx": {"path":"/Users/ozimos/Documents/projects/Sites/market/resources/js/components/Main.jsx","statementMap":{"0":{"start":{"line":11,"column":4},"end":{"line":11,"column":12}},"1":{"start":{"line":12,"column":4},"end":{"line":18,"column":6}},"2":{"start":{"line":19,"column":4},"end":{"line":19,"column":61}},"3":{"start":{"line":20,"column":4},"end":{"line":20,"column":63}},"4":{"start":{"line":21,"column":4},"end":{"line":21,"column":55}},"5":{"start":{"line":22,"column":4},"end":{"line":22,"column":51}},"6":{"start":{"line":23,"column":4},"end":{"line":23,"column":55}},"7":{"start":{"line":24,"column":4},"end":{"line":24,"column":55}},"8":{"start":{"line":25,"column":4},"end":{"line":25,"column":51}},"9":{"start":{"line":29,"column":4},"end":{"line":33,"column":9}},"10":{"start":{"line":31,"column":25},"end":{"line":31,"column":38}},"11":{"start":{"line":32,"column":8},"end":{"line":32,"column":67}},"12":{"start":{"line":37,"column":4},"end":{"line":37,"column":49}},"13":{"start":{"line":42,"column":30},"end":{"line":42,"column":40}},"14":{"start":{"line":43,"column":4},"end":{"line":49,"column":7}},"15":{"start":{"line":53,"column":20},"end":{"line":53,"column":48}},"16":{"start":{"line":54,"column":30},"end":{"line":54,"column":40}},"17":{"start":{"line":55,"column":4},"end":{"line":57,"column":7}},"18":{"start":{"line":61,"column":42},"end":{"line":61,"column":66}},"19":{"start":{"line":62,"column":4},"end":{"line":62,"column":41}},"20":{"start":{"line":66,"column":4},"end":{"line":66,"column":60}},"21":{"start":{"line":70,"column":4},"end":{"line":85,"column":9}},"22":{"start":{"line":78,"column":8},"end":{"line":84,"column":13}},"23":{"start":{"line":80,"column":12},"end":{"line":83,"column":16}},"24":{"start":{"line":80,"column":40},"end":{"line":83,"column":13}},"25":{"start":{"line":82,"column":36},"end":{"line":82,"column":53}},"26":{"start":{"line":89,"column":4},"end":{"line":89,"column":42}},"27":{"start":{"line":90,"column":4},"end":{"line":103,"column":9}},"28":{"start":{"line":97,"column":29},"end":{"line":97,"column":42}},"29":{"start":{"line":98,"column":8},"end":{"line":102,"column":12}},"30":{"start":{"line":98,"column":36},"end":{"line":102,"column":9}},"31":{"start":{"line":108,"column":4},"end":{"line":108,"column":42}},"32":{"start":{"line":109,"column":4},"end":{"line":125,"column":9}},"33":{"start":{"line":116,"column":29},"end":{"line":116,"column":42}},"34":{"start":{"line":117,"column":8},"end":{"line":124,"column":12}},"35":{"start":{"line":117,"column":36},"end":{"line":124,"column":9}},"36":{"start":{"line":119,"column":34},"end":{"line":120,"column":43}},"37":{"start":{"line":130,"column":4},"end":{"line":160,"column":7}},"38":{"start":{"line":131,"column":6},"end":{"line":159,"column":12}},"39":{"start":{"line":136,"column":25},"end":{"line":136,"column":50}},"40":{"start":{"line":147,"column":25},"end":{"line":147,"column":50}},"41":{"start":{"line":155,"column":25},"end":{"line":155,"column":55}},"42":{"start":{"line":164,"column":4},"end":{"line":188,"column":6}}},"fnMap":{"0":{"name":"(anonymous_0)","decl":{"start":{"line":9,"column":2},"end":{"line":9,"column":3}},"loc":{"start":{"line":9,"column":16},"end":{"line":26,"column":3}},"line":9},"1":{"name":"(anonymous_1)","decl":{"start":{"line":28,"column":2},"end":{"line":28,"column":3}},"loc":{"start":{"line":28,"column":22},"end":{"line":34,"column":3}},"line":28},"2":{"name":"(anonymous_2)","decl":{"start":{"line":30,"column":12},"end":{"line":30,"column":13}},"loc":{"start":{"line":30,"column":26},"end":{"line":33,"column":7}},"line":30},"3":{"name":"(anonymous_3)","decl":{"start":{"line":36,"column":2},"end":{"line":36,"column":3}},"loc":{"start":{"line":36,"column":23},"end":{"line":39,"column":3}},"line":36},"4":{"name":"(anonymous_4)","decl":{"start":{"line":41,"column":2},"end":{"line":41,"column":3}},"loc":{"start":{"line":41,"column":21},"end":{"line":50,"column":3}},"line":41},"5":{"name":"(anonymous_5)","decl":{"start":{"line":52,"column":2},"end":{"line":52,"column":3}},"loc":{"start":{"line":52,"column":23},"end":{"line":58,"column":3}},"line":52},"6":{"name":"(anonymous_6)","decl":{"start":{"line":60,"column":2},"end":{"line":60,"column":3}},"loc":{"start":{"line":60,"column":18},"end":{"line":63,"column":3}},"line":60},"7":{"name":"(anonymous_7)","decl":{"start":{"line":65,"column":2},"end":{"line":65,"column":3}},"loc":{"start":{"line":65,"column":23},"end":{"line":67,"column":3}},"line":65},"8":{"name":"(anonymous_8)","decl":{"start":{"line":69,"column":2},"end":{"line":69,"column":3}},"loc":{"start":{"line":69,"column":20},"end":{"line":86,"column":3}},"line":69},"9":{"name":"(anonymous_9)","decl":{"start":{"line":77,"column":12},"end":{"line":77,"column":13}},"loc":{"start":{"line":77,"column":18},"end":{"line":85,"column":7}},"line":77},"10":{"name":"(anonymous_10)","decl":{"start":{"line":79,"column":16},"end":{"line":79,"column":17}},"loc":{"start":{"line":79,"column":22},"end":{"line":84,"column":11}},"line":79},"11":{"name":"(anonymous_11)","decl":{"start":{"line":80,"column":26},"end":{"line":80,"column":27}},"loc":{"start":{"line":80,"column":40},"end":{"line":83,"column":13}},"line":80},"12":{"name":"(anonymous_12)","decl":{"start":{"line":82,"column":24},"end":{"line":82,"column":25}},"loc":{"start":{"line":82,"column":36},"end":{"line":82,"column":53}},"line":82},"13":{"name":"(anonymous_13)","decl":{"start":{"line":88,"column":2},"end":{"line":88,"column":3}},"loc":{"start":{"line":88,"column":28},"end":{"line":105,"column":3}},"line":88},"14":{"name":"(anonymous_14)","decl":{"start":{"line":96,"column":12},"end":{"line":96,"column":13}},"loc":{"start":{"line":96,"column":26},"end":{"line":103,"column":7}},"line":96},"15":{"name":"(anonymous_15)","decl":{"start":{"line":98,"column":22},"end":{"line":98,"column":23}},"loc":{"start":{"line":98,"column":36},"end":{"line":102,"column":9}},"line":98},"16":{"name":"(anonymous_16)","decl":{"start":{"line":107,"column":2},"end":{"line":107,"column":3}},"loc":{"start":{"line":107,"column":29},"end":{"line":127,"column":3}},"line":107},"17":{"name":"(anonymous_17)","decl":{"start":{"line":115,"column":12},"end":{"line":115,"column":13}},"loc":{"start":{"line":115,"column":26},"end":{"line":125,"column":7}},"line":115},"18":{"name":"(anonymous_18)","decl":{"start":{"line":117,"column":22},"end":{"line":117,"column":23}},"loc":{"start":{"line":117,"column":36},"end":{"line":124,"column":9}},"line":117},"19":{"name":"(anonymous_19)","decl":{"start":{"line":119,"column":17},"end":{"line":119,"column":18}},"loc":{"start":{"line":119,"column":34},"end":{"line":120,"column":43}},"line":119},"20":{"name":"(anonymous_20)","decl":{"start":{"line":129,"column":2},"end":{"line":129,"column":3}},"loc":{"start":{"line":129,"column":19},"end":{"line":161,"column":3}},"line":129},"21":{"name":"(anonymous_21)","decl":{"start":{"line":130,"column":35},"end":{"line":130,"column":36}},"loc":{"start":{"line":131,"column":6},"end":{"line":159,"column":12}},"line":131},"22":{"name":"(anonymous_22)","decl":{"start":{"line":136,"column":19},"end":{"line":136,"column":20}},"loc":{"start":{"line":136,"column":25},"end":{"line":136,"column":50}},"line":136},"23":{"name":"(anonymous_23)","decl":{"start":{"line":147,"column":19},"end":{"line":147,"column":20}},"loc":{"start":{"line":147,"column":25},"end":{"line":147,"column":50}},"line":147},"24":{"name":"(anonymous_24)","decl":{"start":{"line":155,"column":19},"end":{"line":155,"column":20}},"loc":{"start":{"line":155,"column":25},"end":{"line":155,"column":55}},"line":155},"25":{"name":"(anonymous_25)","decl":{"start":{"line":163,"column":2},"end":{"line":163,"column":3}},"loc":{"start":{"line":163,"column":11},"end":{"line":189,"column":3}},"line":163}},"branchMap":{"0":{"loc":{"start":{"line":53,"column":20},"end":{"line":53,"column":48}},"type":"cond-expr","locations":[{"start":{"line":53,"column":43},"end":{"line":53,"column":44}},{"start":{"line":53,"column":47},"end":{"line":53,"column":48}}],"line":53},"1":{"loc":{"start":{"line":62,"column":11},"end":{"line":62,"column":40}},"type":"binary-expr","locations":[{"start":{"line":62,"column":11},"end":{"line":62,"column":16}},{"start":{"line":62,"column":20},"end":{"line":62,"column":31}},{"start":{"line":62,"column":35},"end":{"line":62,"column":40}}],"line":62},"2":{"loc":{"start":{"line":119,"column":34},"end":{"line":120,"column":43}},"type":"cond-expr","locations":[{"start":{"line":120,"column":16},"end":{"line":120,"column":28}},{"start":{"line":120,"column":31},"end":{"line":120,"column":43}}],"line":119}},"s":{"0":11,"1":11,"2":11,"3":11,"4":11,"5":11,"6":11,"7":11,"8":11,"9":11,"10":11,"11":11,"12":1,"13":1,"14":1,"15":1,"16":1,"17":1,"18":2,"19":2,"20":1,"21":1,"22":0,"23":0,"24":0,"25":0,"26":1,"27":1,"28":1,"29":1,"30":1,"31":1,"32":1,"33":1,"34":1,"35":1,"36":4,"37":29,"38":57,"39":0,"40":0,"41":0,"42":29},"f":{"0":11,"1":11,"2":11,"3":1,"4":1,"5":1,"6":2,"7":1,"8":1,"9":0,"10":0,"11":0,"12":0,"13":1,"14":1,"15":1,"16":1,"17":1,"18":1,"19":4,"20":29,"21":57,"22":0,"23":0,"24":0,"25":29},"b":{"0":[0,1],"1":[2,0,0],"2":[1,3]},"_coverageSchema":"332fd63041d2c1bcb487cc26dd0d5f7d97098a6c","hash":"289d66990e48fe0855aa485b60b3865177263a01"}
,"/Users/ozimos/Documents/projects/Sites/market/resources/js/components/Product.jsx": {"path":"/Users/ozimos/Documents/projects/Sites/market/resources/js/components/Product.jsx","statementMap":{"0":{"start":{"line":4,"column":16},"end":{"line":17,"column":1}},"1":{"start":{"line":5,"column":2},"end":{"line":16,"column":45}},"2":{"start":{"line":18,"column":0},"end":{"line":25,"column":2}},"3":{"start":{"line":27,"column":0},"end":{"line":34,"column":2}}},"fnMap":{"0":{"name":"(anonymous_0)","decl":{"start":{"line":4,"column":16},"end":{"line":4,"column":17}},"loc":{"start":{"line":5,"column":2},"end":{"line":16,"column":45}},"line":5}},"branchMap":{"0":{"loc":{"start":{"line":5,"column":2},"end":{"line":16,"column":45}},"type":"cond-expr","locations":[{"start":{"line":7,"column":6},"end":{"line":14,"column":12}},{"start":{"line":16,"column":6},"end":{"line":16,"column":45}}],"line":5},"1":{"loc":{"start":{"line":11,"column":20},"end":{"line":11,"column":71}},"type":"cond-expr","locations":[{"start":{"line":11,"column":43},"end":{"line":11,"column":54}},{"start":{"line":11,"column":57},"end":{"line":11,"column":71}}],"line":11}},"s":{"0":2,"1":3,"2":2,"3":2},"f":{"0":3},"b":{"0":[2,1],"1":[1,1]},"_coverageSchema":"332fd63041d2c1bcb487cc26dd0d5f7d97098a6c","hash":"8258d7e3e7c5ca4c1075f86abffed4da18e4a5f6"}
,"/Users/ozimos/Documents/projects/Sites/market/resources/js/components/ProductEditor.jsx": {"path":"/Users/ozimos/Documents/projects/Sites/market/resources/js/components/ProductEditor.jsx","statementMap":{"0":{"start":{"line":7,"column":4},"end":{"line":7,"column":17}},"1":{"start":{"line":9,"column":4},"end":{"line":9,"column":53}},"2":{"start":{"line":13,"column":4},"end":{"line":13,"column":27}},"3":{"start":{"line":14,"column":4},"end":{"line":14,"column":28}},"4":{"start":{"line":15,"column":4},"end":{"line":19,"column":5}},"5":{"start":{"line":16,"column":49},"end":{"line":16,"column":59}},"6":{"start":{"line":17,"column":27},"end":{"line":17,"column":50}},"7":{"start":{"line":18,"column":6},"end":{"line":18,"column":28}},"8":{"start":{"line":24,"column":28},"end":{"line":24,"column":38}},"9":{"start":{"line":25,"column":18},"end":{"line":25,"column":45}},"10":{"start":{"line":26,"column":4},"end":{"line":111,"column":14}},"11":{"start":{"line":115,"column":0},"end":{"line":119,"column":2}},"12":{"start":{"line":121,"column":0},"end":{"line":136,"column":2}}},"fnMap":{"0":{"name":"(anonymous_0)","decl":{"start":{"line":6,"column":2},"end":{"line":6,"column":3}},"loc":{"start":{"line":6,"column":21},"end":{"line":10,"column":3}},"line":6},"1":{"name":"(anonymous_1)","decl":{"start":{"line":12,"column":2},"end":{"line":12,"column":3}},"loc":{"start":{"line":12,"column":22},"end":{"line":20,"column":3}},"line":12},"2":{"name":"(anonymous_2)","decl":{"start":{"line":22,"column":2},"end":{"line":22,"column":3}},"loc":{"start":{"line":22,"column":11},"end":{"line":112,"column":3}},"line":22}},"branchMap":{"0":{"loc":{"start":{"line":15,"column":4},"end":{"line":19,"column":5}},"type":"if","locations":[{"start":{"line":15,"column":4},"end":{"line":19,"column":5}},{"start":{"line":15,"column":4},"end":{"line":19,"column":5}}],"line":15},"1":{"loc":{"start":{"line":17,"column":27},"end":{"line":17,"column":50}},"type":"cond-expr","locations":[{"start":{"line":17,"column":36},"end":{"line":17,"column":42}},{"start":{"line":17,"column":45},"end":{"line":17,"column":50}}],"line":17},"2":{"loc":{"start":{"line":25,"column":18},"end":{"line":25,"column":45}},"type":"cond-expr","locations":[{"start":{"line":25,"column":27},"end":{"line":25,"column":33}},{"start":{"line":25,"column":36},"end":{"line":25,"column":45}}],"line":25},"3":{"loc":{"start":{"line":43,"column":23},"end":{"line":43,"column":42}},"type":"binary-expr","locations":[{"start":{"line":43,"column":23},"end":{"line":43,"column":36}},{"start":{"line":43,"column":40},"end":{"line":43,"column":42}}],"line":43},"4":{"loc":{"start":{"line":62,"column":23},"end":{"line":62,"column":48}},"type":"binary-expr","locations":[{"start":{"line":62,"column":23},"end":{"line":62,"column":42}},{"start":{"line":62,"column":46},"end":{"line":62,"column":48}}],"line":62},"5":{"loc":{"start":{"line":75,"column":23},"end":{"line":75,"column":50}},"type":"binary-expr","locations":[{"start":{"line":75,"column":23},"end":{"line":75,"column":44}},{"start":{"line":75,"column":48},"end":{"line":75,"column":50}}],"line":75},"6":{"loc":{"start":{"line":88,"column":25},"end":{"line":88,"column":63}},"type":"binary-expr","locations":[{"start":{"line":88,"column":25},"end":{"line":88,"column":54}},{"start":{"line":88,"column":58},"end":{"line":88,"column":63}}],"line":88}},"s":{"0":6,"1":6,"2":2,"3":2,"4":2,"5":2,"6":2,"7":2,"8":6,"9":6,"10":6,"11":2,"12":2},"f":{"0":6,"1":2,"2":6},"b":{"0":[2,0],"1":[1,1],"2":[2,4],"3":[6,1],"4":[6,1],"5":[6,1],"6":[6,1]},"_coverageSchema":"332fd63041d2c1bcb487cc26dd0d5f7d97098a6c","hash":"9f8b0e4a652e4e98ee0b9046073b34c5b9152629"}
}
