TN:
SF:/Users/ozimos/Documents/projects/Sites/market/resources/js/components/Main.jsx
FN:9,(anonymous_0)
FN:28,(anonymous_1)
FN:30,(anonymous_2)
FN:36,(anonymous_3)
FN:41,(anonymous_4)
FN:52,(anonymous_5)
FN:60,(anonymous_6)
FN:65,(anonymous_7)
FN:69,(anonymous_8)
FN:77,(anonymous_9)
FN:79,(anonymous_10)
FN:80,(anonymous_11)
FN:82,(anonymous_12)
FN:88,(anonymous_13)
FN:96,(anonymous_14)
FN:98,(anonymous_15)
FN:107,(anonymous_16)
FN:115,(anonymous_17)
FN:117,(anonymous_18)
FN:119,(anonymous_19)
FN:129,(anonymous_20)
FN:130,(anonymous_21)
FN:136,(anonymous_22)
FN:147,(anonymous_23)
FN:155,(anonymous_24)
FN:163,(anonymous_25)
FNF:26
FNH:19
FNDA:11,(anonymous_0)
FNDA:11,(anonymous_1)
FNDA:11,(anonymous_2)
FNDA:1,(anonymous_3)
FNDA:1,(anonymous_4)
FNDA:1,(anonymous_5)
FNDA:2,(anonymous_6)
FNDA:1,(anonymous_7)
FNDA:1,(anonymous_8)
FNDA:0,(anonymous_9)
FNDA:0,(anonymous_10)
FNDA:0,(anonymous_11)
FNDA:0,(anonymous_12)
FNDA:1,(anonymous_13)
FNDA:1,(anonymous_14)
FNDA:1,(anonymous_15)
FNDA:1,(anonymous_16)
FNDA:1,(anonymous_17)
FNDA:1,(anonymous_18)
FNDA:4,(anonymous_19)
FNDA:29,(anonymous_20)
FNDA:57,(anonymous_21)
FNDA:0,(anonymous_22)
FNDA:0,(anonymous_23)
FNDA:0,(anonymous_24)
FNDA:29,(anonymous_25)
DA:11,11
DA:12,11
DA:19,11
DA:20,11
DA:21,11
DA:22,11
DA:23,11
DA:24,11
DA:25,11
DA:29,11
DA:31,11
DA:32,11
DA:37,1
DA:42,1
DA:43,1
DA:53,1
DA:54,1
DA:55,1
DA:61,2
DA:62,2
DA:66,1
DA:70,1
DA:78,0
DA:80,0
DA:82,0
DA:89,1
DA:90,1
DA:97,1
DA:98,1
DA:108,1
DA:109,1
DA:116,1
DA:117,1
DA:119,4
DA:130,29
DA:131,57
DA:136,0
DA:147,0
DA:155,0
DA:164,29
LF:40
LH:34
BRDA:53,0,0,0
BRDA:53,0,1,1
BRDA:62,1,0,2
BRDA:62,1,1,0
BRDA:62,1,2,0
BRDA:119,2,0,1
BRDA:119,2,1,3
BRF:7
BRH:4
end_of_record
TN:
SF:/Users/ozimos/Documents/projects/Sites/market/resources/js/components/Product.jsx
FN:4,(anonymous_0)
FNF:1
FNH:1
FNDA:3,(anonymous_0)
DA:4,2
DA:5,3
DA:18,2
DA:27,2
LF:4
LH:4
BRDA:5,0,0,2
BRDA:5,0,1,1
BRDA:11,1,0,1
BRDA:11,1,1,1
BRF:4
BRH:4
end_of_record
TN:
SF:/Users/ozimos/Documents/projects/Sites/market/resources/js/components/ProductEditor.jsx
FN:6,(anonymous_0)
FN:12,(anonymous_1)
FN:22,(anonymous_2)
FNF:3
FNH:3
FNDA:6,(anonymous_0)
FNDA:2,(anonymous_1)
FNDA:6,(anonymous_2)
DA:7,6
DA:9,6
DA:13,2
DA:14,2
DA:15,2
DA:16,2
DA:17,2
DA:18,2
DA:24,6
DA:25,6
DA:26,6
DA:115,2
DA:121,2
LF:13
LH:13
BRDA:15,0,0,2
BRDA:15,0,1,0
BRDA:17,1,0,1
BRDA:17,1,1,1
BRDA:25,2,0,2
BRDA:25,2,1,4
BRDA:43,3,0,6
BRDA:43,3,1,1
BRDA:62,4,0,6
BRDA:62,4,1,1
BRDA:75,5,0,6
BRDA:75,5,1,1
BRDA:88,6,0,6
BRDA:88,6,1,1
BRF:14
BRH:13
end_of_record
